<?xml version="1.0" encoding="UTF-8"?>
<testsuites>
  <testsuite name="CLI Arguments" tests="185" assertions="303" errors="0" failures="0" skipped="4" time="14.071396">
    <testsuite name="Plugins\craftblitz\tests\pest\Architecture\ArchitectureTest" file="plugins/craft-blitz/tests/pest/Architecture/ArchitectureTest.php" tests="2" assertions="3" errors="0" failures="0" skipped="0" time="1.353367">
      <testcase name="Source code does not contain any `Craft::dd` statements" file="plugins/craft-blitz/tests/pest/Architecture/ArchitectureTest.php::Source code does not contain any `Craft::dd` statements" class="Plugins\craftblitz\tests\pest\Architecture\ArchitectureTest" classname="Plugins.craftblitz.tests.pest.Architecture.ArchitectureTest" assertions="2" time="0.280015"/>
      <testcase name="Source code does not contain any `var_dump` or `die` statements" file="plugins/craft-blitz/tests/pest/Architecture/ArchitectureTest.php::Source code does not contain any `var_dump` or `die` statements" class="Plugins\craftblitz\tests\pest\Architecture\ArchitectureTest" classname="Plugins.craftblitz.tests.pest.Architecture.ArchitectureTest" assertions="1" time="1.073353"/>
    </testsuite>
    <testsuite name="Plugins\craftblitz\tests\pest\Drivers\FileStorageTest" file="plugins/craft-blitz/tests/pest/Drivers/FileStorageTest.php" tests="1" assertions="1" errors="0" failures="0" skipped="0" time="0.006919">
      <testcase name="Getting a site path works for a disabled or non-existent site" file="plugins/craft-blitz/tests/pest/Drivers/FileStorageTest.php::Getting a site path works for a disabled or non-existent site" class="Plugins\craftblitz\tests\pest\Drivers\FileStorageTest" classname="Plugins.craftblitz.tests.pest.Drivers.FileStorageTest" assertions="1" time="0.006919"/>
    </testsuite>
    <testsuite name="Plugins\craftblitz\tests\pest\Feature\BlitzVariableTest" file="plugins/craft-blitz/tests/pest/Feature/BlitzVariableTest.php" tests="7" assertions="10" errors="0" failures="0" skipped="0" time="0.019567">
      <testcase name="Cached include tag contains provided options" file="plugins/craft-blitz/tests/pest/Feature/BlitzVariableTest.php::Cached include tag contains provided options" class="Plugins\craftblitz\tests\pest\Feature\BlitzVariableTest" classname="Plugins.craftblitz.tests.pest.Feature.BlitzVariableTest" assertions="4" time="0.009734"/>
      <testcase name="Cached include tag does not contain unencoded slashes in params" file="plugins/craft-blitz/tests/pest/Feature/BlitzVariableTest.php::Cached include tag does not contain unencoded slashes in params" class="Plugins\craftblitz\tests\pest\Feature\BlitzVariableTest" classname="Plugins.craftblitz.tests.pest.Feature.BlitzVariableTest" assertions="1" time="0.002102"/>
      <testcase name="Cached include tag does not contain path param" file="plugins/craft-blitz/tests/pest/Feature/BlitzVariableTest.php::Cached include tag does not contain path param" class="Plugins\craftblitz\tests\pest\Feature\BlitzVariableTest" classname="Plugins.craftblitz.tests.pest.Feature.BlitzVariableTest" assertions="1" time="0.001463"/>
      <testcase name="Cached include tag with AJAX request type results in inject script being registered" file="plugins/craft-blitz/tests/pest/Feature/BlitzVariableTest.php::Cached include tag with AJAX request type results in inject script being registered" class="Plugins\craftblitz\tests\pest\Feature\BlitzVariableTest" classname="Plugins.craftblitz.tests.pest.Feature.BlitzVariableTest" assertions="1" time="0.002539"/>
      <testcase name="Fetch URI tag does not encode slashes in params" file="plugins/craft-blitz/tests/pest/Feature/BlitzVariableTest.php::Fetch URI tag does not encode slashes in params" class="Plugins\craftblitz\tests\pest\Feature\BlitzVariableTest" classname="Plugins.craftblitz.tests.pest.Feature.BlitzVariableTest" assertions="1" time="0.001286"/>
      <testcase name="The CSRF input function returns a Blitz inject script" file="plugins/craft-blitz/tests/pest/Feature/BlitzVariableTest.php::The CSRF input function returns a Blitz inject script" class="Plugins\craftblitz\tests\pest\Feature\BlitzVariableTest" classname="Plugins.craftblitz.tests.pest.Feature.BlitzVariableTest" assertions="1" time="0.001127"/>
      <testcase name="The CSRF input function called in an AJAX request does not return a Blitz inject script" file="plugins/craft-blitz/tests/pest/Feature/BlitzVariableTest.php::The CSRF input function called in an AJAX request does not return a Blitz inject script" class="Plugins\craftblitz\tests\pest\Feature\BlitzVariableTest" classname="Plugins.craftblitz.tests.pest.Feature.BlitzVariableTest" assertions="1" time="0.001318"/>
    </testsuite>
    <testsuite name="Plugins\craftblitz\tests\pest\Feature\CacheRequestTest" file="plugins/craft-blitz/tests/pest/Feature/CacheRequestTest.php" tests="27" assertions="30" errors="0" failures="0" skipped="1" time="0.167090">
      <testcase name="Request matching included URI pattern is cacheable" file="plugins/craft-blitz/tests/pest/Feature/CacheRequestTest.php::Request matching included URI pattern is cacheable" class="Plugins\craftblitz\tests\pest\Feature\CacheRequestTest" classname="Plugins.craftblitz.tests.pest.Feature.CacheRequestTest" assertions="1" time="0.047565"/>
      <testcase name="Request with generate token is cacheable" file="plugins/craft-blitz/tests/pest/Feature/CacheRequestTest.php::Request with generate token is cacheable" class="Plugins\craftblitz\tests\pest\Feature\CacheRequestTest" classname="Plugins.craftblitz.tests.pest.Feature.CacheRequestTest" assertions="1" time="0.015137"/>
      <testcase name="Request with `no-cache` param is not cacheable" file="plugins/craft-blitz/tests/pest/Feature/CacheRequestTest.php::Request with `no-cache` param is not cacheable" class="Plugins\craftblitz\tests\pest\Feature\CacheRequestTest" classname="Plugins.craftblitz.tests.pest.Feature.CacheRequestTest" assertions="1" time="0.008388"/>
      <testcase name="Request with token is not cacheable" file="plugins/craft-blitz/tests/pest/Feature/CacheRequestTest.php::Request with token is not cacheable" class="Plugins\craftblitz\tests\pest\Feature\CacheRequestTest" classname="Plugins.craftblitz.tests.pest.Feature.CacheRequestTest" assertions="1" time="0.006487"/>
      <testcase name="Request with a cached include prefix is a cached include" file="plugins/craft-blitz/tests/pest/Feature/CacheRequestTest.php::Request with a cached include prefix is a cached include" class="Plugins\craftblitz\tests\pest\Feature\CacheRequestTest" classname="Plugins.craftblitz.tests.pest.Feature.CacheRequestTest" assertions="2" time="0.005053"/>
      <testcase name="Request with a cached include action is a cached include" file="plugins/craft-blitz/tests/pest/Feature/CacheRequestTest.php::Request with a cached include action is a cached include" class="Plugins\craftblitz\tests\pest\Feature\CacheRequestTest" classname="Plugins.craftblitz.tests.pest.Feature.CacheRequestTest" assertions="1" time="0.004977"/>
      <testcase name="Request with a dynamic include prefix is a dynamic include" file="plugins/craft-blitz/tests/pest/Feature/CacheRequestTest.php::Request with a dynamic include prefix is a dynamic include" class="Plugins\craftblitz\tests\pest\Feature\CacheRequestTest" classname="Plugins.craftblitz.tests.pest.Feature.CacheRequestTest" assertions="2" time="0.003391"/>
      <testcase name="Request with dynamic include action is a dynamic include" file="plugins/craft-blitz/tests/pest/Feature/CacheRequestTest.php::Request with dynamic include action is a dynamic include" class="Plugins\craftblitz\tests\pest\Feature\CacheRequestTest" classname="Plugins.craftblitz.tests.pest.Feature.CacheRequestTest" assertions="1" time="0.002692"/>
      <testcase name="Requested cacheable site URI includes allowed query strings when urls cached as unique pages" file="plugins/craft-blitz/tests/pest/Feature/CacheRequestTest.php::Requested cacheable site URI includes allowed query strings when urls cached as unique pages" class="Plugins\craftblitz\tests\pest\Feature\CacheRequestTest" classname="Plugins.craftblitz.tests.pest.Feature.CacheRequestTest" assertions="1" time="0.005450"/>
      <testcase name="Requested cacheable site URI does not include query strings when urls cached as same page" file="plugins/craft-blitz/tests/pest/Feature/CacheRequestTest.php::Requested cacheable site URI does not include query strings when urls cached as same page" class="Plugins\craftblitz\tests\pest\Feature\CacheRequestTest" classname="Plugins.craftblitz.tests.pest.Feature.CacheRequestTest" assertions="1" time="0.006000"/>
      <testcase name="Requested cacheable site URI includes page trigger" file="plugins/craft-blitz/tests/pest/Feature/CacheRequestTest.php::Requested cacheable site URI includes page trigger" class="Plugins\craftblitz\tests\pest\Feature\CacheRequestTest" classname="Plugins.craftblitz.tests.pest.Feature.CacheRequestTest" assertions="0" time="0.005259">
        <skipped/>
      </testcase>
      <testcase name="Requested cacheable site URI works with regular expressions" file="plugins/craft-blitz/tests/pest/Feature/CacheRequestTest.php::Requested cacheable site URI works with regular expressions" class="Plugins\craftblitz\tests\pest\Feature\CacheRequestTest" classname="Plugins.craftblitz.tests.pest.Feature.CacheRequestTest" assertions="1" time="0.009365"/>
      <testsuite name="Plugins\craftblitz\tests\pest\Feature\CacheRequestTest::__pest_evaluable_Site_URI_with_uppercase_URI_is_cacheable" tests="2" assertions="2" errors="0" failures="0" skipped="0" time="0.011307">
        <testcase name="Site URI with uppercase URI is cacheable with data set &quot;('Page')&quot;" file="plugins/craft-blitz/tests/pest/Feature/CacheRequestTest.php::Site URI with uppercase URI is cacheable with data set &quot;('Page')&quot;" class="Plugins\craftblitz\tests\pest\Feature\CacheRequestTest" classname="Plugins.craftblitz.tests.pest.Feature.CacheRequestTest" assertions="1" time="0.006377"/>
        <testcase name="Site URI with uppercase URI is cacheable with data set &quot;('Übergröße')&quot;" file="plugins/craft-blitz/tests/pest/Feature/CacheRequestTest.php::Site URI with uppercase URI is cacheable with data set &quot;('Übergröße')&quot;" class="Plugins\craftblitz\tests\pest\Feature\CacheRequestTest" classname="Plugins.craftblitz.tests.pest.Feature.CacheRequestTest" assertions="1" time="0.004931"/>
      </testsuite>
      <testsuite name="Plugins\craftblitz\tests\pest\Feature\CacheRequestTest::__pest_evaluable_Site_URI_with_uppercase_URI_is_not_cacheable_when_disallowed" tests="2" assertions="2" errors="0" failures="0" skipped="0" time="0.005837">
        <testcase name="Site URI with uppercase URI is not cacheable when disallowed with data set &quot;('Page')&quot;" file="plugins/craft-blitz/tests/pest/Feature/CacheRequestTest.php::Site URI with uppercase URI is not cacheable when disallowed with data set &quot;('Page')&quot;" class="Plugins\craftblitz\tests\pest\Feature\CacheRequestTest" classname="Plugins.craftblitz.tests.pest.Feature.CacheRequestTest" assertions="1" time="0.002776"/>
        <testcase name="Site URI with uppercase URI is not cacheable when disallowed with data set &quot;('Übergröße')&quot;" file="plugins/craft-blitz/tests/pest/Feature/CacheRequestTest.php::Site URI with uppercase URI is not cacheable when disallowed with data set &quot;('Übergröße')&quot;" class="Plugins\craftblitz\tests\pest\Feature\CacheRequestTest" classname="Plugins.craftblitz.tests.pest.Feature.CacheRequestTest" assertions="1" time="0.003061"/>
      </testsuite>
      <testcase name="Site URI with included URI pattern is cacheable xyzzz" file="plugins/craft-blitz/tests/pest/Feature/CacheRequestTest.php::Site URI with included URI pattern is cacheable xyzzz" class="Plugins\craftblitz\tests\pest\Feature\CacheRequestTest" classname="Plugins.craftblitz.tests.pest.Feature.CacheRequestTest" assertions="1" time="0.002646"/>
      <testcase name="Site URI with disabled included URI pattern is not cacheable" file="plugins/craft-blitz/tests/pest/Feature/CacheRequestTest.php::Site URI with disabled included URI pattern is not cacheable" class="Plugins\craftblitz\tests\pest\Feature\CacheRequestTest" classname="Plugins.craftblitz.tests.pest.Feature.CacheRequestTest" assertions="1" time="0.003192"/>
      <testcase name="Site URI with excluded URI pattern is not cacheable" file="plugins/craft-blitz/tests/pest/Feature/CacheRequestTest.php::Site URI with excluded URI pattern is not cacheable" class="Plugins\craftblitz\tests\pest\Feature\CacheRequestTest" classname="Plugins.craftblitz.tests.pest.Feature.CacheRequestTest" assertions="1" time="0.002786"/>
      <testcase name="Site URI with disabled excluded URI pattern is cacheable" file="plugins/craft-blitz/tests/pest/Feature/CacheRequestTest.php::Site URI with disabled excluded URI pattern is cacheable" class="Plugins\craftblitz\tests\pest\Feature\CacheRequestTest" classname="Plugins.craftblitz.tests.pest.Feature.CacheRequestTest" assertions="1" time="0.003067"/>
      <testcase name="Site URI with `admin` in URI is cacheable" file="plugins/craft-blitz/tests/pest/Feature/CacheRequestTest.php::Site URI with `admin` in URI is cacheable" class="Plugins\craftblitz\tests\pest\Feature\CacheRequestTest" classname="Plugins.craftblitz.tests.pest.Feature.CacheRequestTest" assertions="1" time="0.003158"/>
      <testcase name="Site URI with `index.php` in URI is not cacheable" file="plugins/craft-blitz/tests/pest/Feature/CacheRequestTest.php::Site URI with `index.php` in URI is not cacheable" class="Plugins\craftblitz\tests\pest\Feature\CacheRequestTest" classname="Plugins.craftblitz.tests.pest.Feature.CacheRequestTest" assertions="1" time="0.002284"/>
      <testcase name="Site URI with `index.php` and allowed action in URI is cacheable" file="plugins/craft-blitz/tests/pest/Feature/CacheRequestTest.php::Site URI with `index.php` and allowed action in URI is cacheable" class="Plugins\craftblitz\tests\pest\Feature\CacheRequestTest" classname="Plugins.craftblitz.tests.pest.Feature.CacheRequestTest" assertions="1" time="0.002510"/>
      <testcase name="Site URI with max URI length is cacheable" file="plugins/craft-blitz/tests/pest/Feature/CacheRequestTest.php::Site URI with max URI length is cacheable" class="Plugins\craftblitz\tests\pest\Feature\CacheRequestTest" classname="Plugins.craftblitz.tests.pest.Feature.CacheRequestTest" assertions="1" time="0.002973"/>
      <testcase name="Site URI with max URI length exceeded is not cacheable" file="plugins/craft-blitz/tests/pest/Feature/CacheRequestTest.php::Site URI with max URI length exceeded is not cacheable" class="Plugins\craftblitz\tests\pest\Feature\CacheRequestTest" classname="Plugins.craftblitz.tests.pest.Feature.CacheRequestTest" assertions="1" time="0.003011"/>
      <testcase name="URI patterns with matching regular expressions are matched" file="plugins/craft-blitz/tests/pest/Feature/CacheRequestTest.php::URI patterns with matching regular expressions are matched" class="Plugins\craftblitz\tests\pest\Feature\CacheRequestTest" classname="Plugins.craftblitz.tests.pest.Feature.CacheRequestTest" assertions="3" time="0.002072"/>
      <testcase name="URI patterns without matching regular expressions are not matched" file="plugins/craft-blitz/tests/pest/Feature/CacheRequestTest.php::URI patterns without matching regular expressions are not matched" class="Plugins\craftblitz\tests\pest\Feature\CacheRequestTest" classname="Plugins.craftblitz.tests.pest.Feature.CacheRequestTest" assertions="1" time="0.002481"/>
    </testsuite>
    <testsuite name="Plugins\craftblitz\tests\pest\Feature\CacheStorageTest" file="plugins/craft-blitz/tests/pest/Feature/CacheStorageTest.php" tests="24" assertions="27" errors="0" failures="0" skipped="0" time="0.085205">
      <testsuite name="Plugins\craftblitz\tests\pest\Feature\CacheStorageTest::__pest_evaluable_255_character_site_URI_can_be_saved" tests="3" assertions="3" errors="0" failures="0" skipped="0" time="0.015063">
        <testcase name="255 character site URI can be saved with data set &quot;dataset &quot;FileStorage&quot;&quot;" file="plugins/craft-blitz/tests/pest/Feature/CacheStorageTest.php::255 character site URI can be saved with data set &quot;dataset &quot;FileStorage&quot;&quot;" class="Plugins\craftblitz\tests\pest\Feature\CacheStorageTest" classname="Plugins.craftblitz.tests.pest.Feature.CacheStorageTest" assertions="1" time="0.007741"/>
        <testcase name="255 character site URI can be saved with data set &quot;dataset &quot;YiiCacheStorage&quot;&quot;" file="plugins/craft-blitz/tests/pest/Feature/CacheStorageTest.php::255 character site URI can be saved with data set &quot;dataset &quot;YiiCacheStorage&quot;&quot;" class="Plugins\craftblitz\tests\pest\Feature\CacheStorageTest" classname="Plugins.craftblitz.tests.pest.Feature.CacheStorageTest" assertions="1" time="0.003963"/>
        <testcase name="255 character site URI can be saved with data set &quot;dataset &quot;RedisStorage&quot;&quot;" file="plugins/craft-blitz/tests/pest/Feature/CacheStorageTest.php::255 character site URI can be saved with data set &quot;dataset &quot;RedisStorage&quot;&quot;" class="Plugins\craftblitz\tests\pest\Feature\CacheStorageTest" classname="Plugins.craftblitz.tests.pest.Feature.CacheStorageTest" assertions="1" time="0.003359"/>
      </testsuite>
      <testsuite name="Plugins\craftblitz\tests\pest\Feature\CacheStorageTest::__pest_evaluable_Long_site_URI_can_be_saved_except_for_by_file_storage_driver" tests="3" assertions="3" errors="0" failures="0" skipped="0" time="0.010345">
        <testcase name="Long site URI can be saved except for by file storage driver with data set &quot;dataset &quot;FileStorage&quot;&quot;" file="plugins/craft-blitz/tests/pest/Feature/CacheStorageTest.php::Long site URI can be saved except for by file storage driver with data set &quot;dataset &quot;FileStorage&quot;&quot;" class="Plugins\craftblitz\tests\pest\Feature\CacheStorageTest" classname="Plugins.craftblitz.tests.pest.Feature.CacheStorageTest" assertions="1" time="0.003070"/>
        <testcase name="Long site URI can be saved except for by file storage driver with data set &quot;dataset &quot;YiiCacheStorage&quot;&quot;" file="plugins/craft-blitz/tests/pest/Feature/CacheStorageTest.php::Long site URI can be saved except for by file storage driver with data set &quot;dataset &quot;YiiCacheStorage&quot;&quot;" class="Plugins\craftblitz\tests\pest\Feature\CacheStorageTest" classname="Plugins.craftblitz.tests.pest.Feature.CacheStorageTest" assertions="1" time="0.003309"/>
        <testcase name="Long site URI can be saved except for by file storage driver with data set &quot;dataset &quot;RedisStorage&quot;&quot;" file="plugins/craft-blitz/tests/pest/Feature/CacheStorageTest.php::Long site URI can be saved except for by file storage driver with data set &quot;dataset &quot;RedisStorage&quot;&quot;" class="Plugins\craftblitz\tests\pest\Feature\CacheStorageTest" classname="Plugins.craftblitz.tests.pest.Feature.CacheStorageTest" assertions="1" time="0.003967"/>
      </testsuite>
      <testsuite name="Plugins\craftblitz\tests\pest\Feature\CacheStorageTest::__pest_evaluable_Site_URI_is_decoded_before_being_saved" tests="3" assertions="3" errors="0" failures="0" skipped="0" time="0.008585">
        <testcase name="Site URI is decoded before being saved with data set &quot;dataset &quot;FileStorage&quot;&quot;" file="plugins/craft-blitz/tests/pest/Feature/CacheStorageTest.php::Site URI is decoded before being saved with data set &quot;dataset &quot;FileStorage&quot;&quot;" class="Plugins\craftblitz\tests\pest\Feature\CacheStorageTest" classname="Plugins.craftblitz.tests.pest.Feature.CacheStorageTest" assertions="1" time="0.003249"/>
        <testcase name="Site URI is decoded before being saved with data set &quot;dataset &quot;YiiCacheStorage&quot;&quot;" file="plugins/craft-blitz/tests/pest/Feature/CacheStorageTest.php::Site URI is decoded before being saved with data set &quot;dataset &quot;YiiCacheStorage&quot;&quot;" class="Plugins\craftblitz\tests\pest\Feature\CacheStorageTest" classname="Plugins.craftblitz.tests.pest.Feature.CacheStorageTest" assertions="1" time="0.002345"/>
        <testcase name="Site URI is decoded before being saved with data set &quot;dataset &quot;RedisStorage&quot;&quot;" file="plugins/craft-blitz/tests/pest/Feature/CacheStorageTest.php::Site URI is decoded before being saved with data set &quot;dataset &quot;RedisStorage&quot;&quot;" class="Plugins\craftblitz\tests\pest\Feature\CacheStorageTest" classname="Plugins.craftblitz.tests.pest.Feature.CacheStorageTest" assertions="1" time="0.002991"/>
      </testsuite>
      <testsuite name="Plugins\craftblitz\tests\pest\Feature\CacheStorageTest::__pest_evaluable_Compressed_cached_value_can_be_fetched_compressed_and_uncompressed" tests="3" assertions="6" errors="0" failures="0" skipped="0" time="0.010344">
        <testcase name="Compressed cached value can be fetched compressed and uncompressed with data set &quot;dataset &quot;FileStorage&quot;&quot;" file="plugins/craft-blitz/tests/pest/Feature/CacheStorageTest.php::Compressed cached value can be fetched compressed and uncompressed with data set &quot;dataset &quot;FileStorage&quot;&quot;" class="Plugins\craftblitz\tests\pest\Feature\CacheStorageTest" classname="Plugins.craftblitz.tests.pest.Feature.CacheStorageTest" assertions="2" time="0.003588"/>
        <testcase name="Compressed cached value can be fetched compressed and uncompressed with data set &quot;dataset &quot;YiiCacheStorage&quot;&quot;" file="plugins/craft-blitz/tests/pest/Feature/CacheStorageTest.php::Compressed cached value can be fetched compressed and uncompressed with data set &quot;dataset &quot;YiiCacheStorage&quot;&quot;" class="Plugins\craftblitz\tests\pest\Feature\CacheStorageTest" classname="Plugins.craftblitz.tests.pest.Feature.CacheStorageTest" assertions="2" time="0.003300"/>
        <testcase name="Compressed cached value can be fetched compressed and uncompressed with data set &quot;dataset &quot;RedisStorage&quot;&quot;" file="plugins/craft-blitz/tests/pest/Feature/CacheStorageTest.php::Compressed cached value can be fetched compressed and uncompressed with data set &quot;dataset &quot;RedisStorage&quot;&quot;" class="Plugins\craftblitz\tests\pest\Feature\CacheStorageTest" classname="Plugins.craftblitz.tests.pest.Feature.CacheStorageTest" assertions="2" time="0.003457"/>
      </testsuite>
      <testsuite name="Plugins\craftblitz\tests\pest\Feature\CacheStorageTest::__pest_evaluable_Cached_value_of_site_URI_is_deleted" tests="3" assertions="3" errors="0" failures="0" skipped="0" time="0.010624">
        <testcase name="Cached value of site URI is deleted with data set &quot;dataset &quot;FileStorage&quot;&quot;" file="plugins/craft-blitz/tests/pest/Feature/CacheStorageTest.php::Cached value of site URI is deleted with data set &quot;dataset &quot;FileStorage&quot;&quot;" class="Plugins\craftblitz\tests\pest\Feature\CacheStorageTest" classname="Plugins.craftblitz.tests.pest.Feature.CacheStorageTest" assertions="1" time="0.003345"/>
        <testcase name="Cached value of site URI is deleted with data set &quot;dataset &quot;YiiCacheStorage&quot;&quot;" file="plugins/craft-blitz/tests/pest/Feature/CacheStorageTest.php::Cached value of site URI is deleted with data set &quot;dataset &quot;YiiCacheStorage&quot;&quot;" class="Plugins\craftblitz\tests\pest\Feature\CacheStorageTest" classname="Plugins.craftblitz.tests.pest.Feature.CacheStorageTest" assertions="1" time="0.003458"/>
        <testcase name="Cached value of site URI is deleted with data set &quot;dataset &quot;RedisStorage&quot;&quot;" file="plugins/craft-blitz/tests/pest/Feature/CacheStorageTest.php::Cached value of site URI is deleted with data set &quot;dataset &quot;RedisStorage&quot;&quot;" class="Plugins\craftblitz\tests\pest\Feature\CacheStorageTest" classname="Plugins.craftblitz.tests.pest.Feature.CacheStorageTest" assertions="1" time="0.003821"/>
      </testsuite>
      <testsuite name="Plugins\craftblitz\tests\pest\Feature\CacheStorageTest::__pest_evaluable_Compressed_cached_value_of_site_URI_is_deleted" tests="3" assertions="3" errors="0" failures="0" skipped="0" time="0.009838">
        <testcase name="Compressed cached value of site URI is deleted with data set &quot;dataset &quot;FileStorage&quot;&quot;" file="plugins/craft-blitz/tests/pest/Feature/CacheStorageTest.php::Compressed cached value of site URI is deleted with data set &quot;dataset &quot;FileStorage&quot;&quot;" class="Plugins\craftblitz\tests\pest\Feature\CacheStorageTest" classname="Plugins.craftblitz.tests.pest.Feature.CacheStorageTest" assertions="1" time="0.003377"/>
        <testcase name="Compressed cached value of site URI is deleted with data set &quot;dataset &quot;YiiCacheStorage&quot;&quot;" file="plugins/craft-blitz/tests/pest/Feature/CacheStorageTest.php::Compressed cached value of site URI is deleted with data set &quot;dataset &quot;YiiCacheStorage&quot;&quot;" class="Plugins\craftblitz\tests\pest\Feature\CacheStorageTest" classname="Plugins.craftblitz.tests.pest.Feature.CacheStorageTest" assertions="1" time="0.003281"/>
        <testcase name="Compressed cached value of site URI is deleted with data set &quot;dataset &quot;RedisStorage&quot;&quot;" file="plugins/craft-blitz/tests/pest/Feature/CacheStorageTest.php::Compressed cached value of site URI is deleted with data set &quot;dataset &quot;RedisStorage&quot;&quot;" class="Plugins\craftblitz\tests\pest\Feature\CacheStorageTest" classname="Plugins.craftblitz.tests.pest.Feature.CacheStorageTest" assertions="1" time="0.003180"/>
      </testsuite>
      <testsuite name="Plugins\craftblitz\tests\pest\Feature\CacheStorageTest::__pest_evaluable_Cached_value_of_decoded_site_URI_is_deleted" tests="3" assertions="3" errors="0" failures="0" skipped="0" time="0.010702">
        <testcase name="Cached value of decoded site URI is deleted with data set &quot;dataset &quot;FileStorage&quot;&quot;" file="plugins/craft-blitz/tests/pest/Feature/CacheStorageTest.php::Cached value of decoded site URI is deleted with data set &quot;dataset &quot;FileStorage&quot;&quot;" class="Plugins\craftblitz\tests\pest\Feature\CacheStorageTest" classname="Plugins.craftblitz.tests.pest.Feature.CacheStorageTest" assertions="1" time="0.003051"/>
        <testcase name="Cached value of decoded site URI is deleted with data set &quot;dataset &quot;YiiCacheStorage&quot;&quot;" file="plugins/craft-blitz/tests/pest/Feature/CacheStorageTest.php::Cached value of decoded site URI is deleted with data set &quot;dataset &quot;YiiCacheStorage&quot;&quot;" class="Plugins\craftblitz\tests\pest\Feature\CacheStorageTest" classname="Plugins.craftblitz.tests.pest.Feature.CacheStorageTest" assertions="1" time="0.003795"/>
        <testcase name="Cached value of decoded site URI is deleted with data set &quot;dataset &quot;RedisStorage&quot;&quot;" file="plugins/craft-blitz/tests/pest/Feature/CacheStorageTest.php::Cached value of decoded site URI is deleted with data set &quot;dataset &quot;RedisStorage&quot;&quot;" class="Plugins\craftblitz\tests\pest\Feature\CacheStorageTest" classname="Plugins.craftblitz.tests.pest.Feature.CacheStorageTest" assertions="1" time="0.003855"/>
      </testsuite>
      <testsuite name="Plugins\craftblitz\tests\pest\Feature\CacheStorageTest::__pest_evaluable_All_cached_values_are_deleted" tests="3" assertions="3" errors="0" failures="0" skipped="0" time="0.009703">
        <testcase name="All cached values are deleted with data set &quot;dataset &quot;FileStorage&quot;&quot;" file="plugins/craft-blitz/tests/pest/Feature/CacheStorageTest.php::All cached values are deleted with data set &quot;dataset &quot;FileStorage&quot;&quot;" class="Plugins\craftblitz\tests\pest\Feature\CacheStorageTest" classname="Plugins.craftblitz.tests.pest.Feature.CacheStorageTest" assertions="1" time="0.003286"/>
        <testcase name="All cached values are deleted with data set &quot;dataset &quot;YiiCacheStorage&quot;&quot;" file="plugins/craft-blitz/tests/pest/Feature/CacheStorageTest.php::All cached values are deleted with data set &quot;dataset &quot;YiiCacheStorage&quot;&quot;" class="Plugins\craftblitz\tests\pest\Feature\CacheStorageTest" classname="Plugins.craftblitz.tests.pest.Feature.CacheStorageTest" assertions="1" time="0.003241"/>
        <testcase name="All cached values are deleted with data set &quot;dataset &quot;RedisStorage&quot;&quot;" file="plugins/craft-blitz/tests/pest/Feature/CacheStorageTest.php::All cached values are deleted with data set &quot;dataset &quot;RedisStorage&quot;&quot;" class="Plugins\craftblitz\tests\pest\Feature\CacheStorageTest" classname="Plugins.craftblitz.tests.pest.Feature.CacheStorageTest" assertions="1" time="0.003176"/>
      </testsuite>
    </testsuite>
    <testsuite name="Plugins\craftblitz\tests\pest\Feature\ExpireCacheTest" file="plugins/craft-blitz/tests/pest/Feature/ExpireCacheTest.php" tests="3" assertions="3" errors="0" failures="0" skipped="0" time="0.108210">
      <testcase name="Refreshing the entire cache marks the cache as expired" file="plugins/craft-blitz/tests/pest/Feature/ExpireCacheTest.php::Refreshing the entire cache marks the cache as expired" class="Plugins\craftblitz\tests\pest\Feature\ExpireCacheTest" classname="Plugins.craftblitz.tests.pest.Feature.ExpireCacheTest" assertions="1" time="0.058722"/>
      <testcase name="Refreshing a site marks the cache as expired" file="plugins/craft-blitz/tests/pest/Feature/ExpireCacheTest.php::Refreshing a site marks the cache as expired" class="Plugins\craftblitz\tests\pest\Feature\ExpireCacheTest" classname="Plugins.craftblitz.tests.pest.Feature.ExpireCacheTest" assertions="1" time="0.024976"/>
      <testcase name="Refreshing a site URI marks the cache as expired" file="plugins/craft-blitz/tests/pest/Feature/ExpireCacheTest.php::Refreshing a site URI marks the cache as expired" class="Plugins\craftblitz\tests\pest\Feature\ExpireCacheTest" classname="Plugins.craftblitz.tests.pest.Feature.ExpireCacheTest" assertions="1" time="0.024512"/>
    </testsuite>
    <testsuite name="Plugins\craftblitz\tests\pest\Feature\GenerateCacheTest" file="plugins/craft-blitz/tests/pest/Feature/GenerateCacheTest.php" tests="53" assertions="84" errors="0" failures="0" skipped="0" time="4.109137">
      <testcase name="Cached value is saved with output comments" file="plugins/craft-blitz/tests/pest/Feature/GenerateCacheTest.php::Cached value is saved with output comments" class="Plugins\craftblitz\tests\pest\Feature\GenerateCacheTest" classname="Plugins.craftblitz.tests.pest.Feature.GenerateCacheTest" assertions="2" time="0.032264"/>
      <testcase name="Cached value is saved without output comments" file="plugins/craft-blitz/tests/pest/Feature/GenerateCacheTest.php::Cached value is saved without output comments" class="Plugins\craftblitz\tests\pest\Feature\GenerateCacheTest" classname="Plugins.craftblitz.tests.pest.Feature.GenerateCacheTest" assertions="2" time="0.027638"/>
      <testcase name="Cached value is saved with output comments when file extension is &quot;.html&quot;" file="plugins/craft-blitz/tests/pest/Feature/GenerateCacheTest.php::Cached value is saved with output comments when file extension is &quot;.html&quot;" class="Plugins\craftblitz\tests\pest\Feature\GenerateCacheTest" classname="Plugins.craftblitz.tests.pest.Feature.GenerateCacheTest" assertions="1" time="0.026585"/>
      <testcase name="Cached value is saved without output comments when file extension is not `.html`" file="plugins/craft-blitz/tests/pest/Feature/GenerateCacheTest.php::Cached value is saved without output comments when file extension is not `.html`" class="Plugins\craftblitz\tests\pest\Feature\GenerateCacheTest" classname="Plugins.craftblitz.tests.pest.Feature.GenerateCacheTest" assertions="1" time="0.029521"/>
      <testcase name="Cache record with max URI length is saved" file="plugins/craft-blitz/tests/pest/Feature/GenerateCacheTest.php::Cache record with max URI length is saved" class="Plugins\craftblitz\tests\pest\Feature\GenerateCacheTest" classname="Plugins.craftblitz.tests.pest.Feature.GenerateCacheTest" assertions="1" time="0.030924"/>
      <testcase name="Cache record with max URI length exceeded throws exception" file="plugins/craft-blitz/tests/pest/Feature/GenerateCacheTest.php::Cache record with max URI length exceeded throws exception" class="Plugins\craftblitz\tests\pest\Feature\GenerateCacheTest" classname="Plugins.craftblitz.tests.pest.Feature.GenerateCacheTest" assertions="1" time="0.029980"/>
      <testcase name="Element cache record is saved without custom fields" file="plugins/craft-blitz/tests/pest/Feature/GenerateCacheTest.php::Element cache record is saved without custom fields" class="Plugins\craftblitz\tests\pest\Feature\GenerateCacheTest" classname="Plugins.craftblitz.tests.pest.Feature.GenerateCacheTest" assertions="2" time="0.088653"/>
      <testcase name="Element cache record is saved with custom fields" file="plugins/craft-blitz/tests/pest/Feature/GenerateCacheTest.php::Element cache record is saved with custom fields" class="Plugins\craftblitz\tests\pest\Feature\GenerateCacheTest" classname="Plugins.craftblitz.tests.pest.Feature.GenerateCacheTest" assertions="2" time="0.065385"/>
      <testcase name="Element cache record is saved with custom fields with renamed handles" file="plugins/craft-blitz/tests/pest/Feature/GenerateCacheTest.php::Element cache record is saved with custom fields with renamed handles" class="Plugins\craftblitz\tests\pest\Feature\GenerateCacheTest" classname="Plugins.craftblitz.tests.pest.Feature.GenerateCacheTest" assertions="2" time="0.056946"/>
      <testcase name="Element cache record is saved with eager-loaded custom fields" file="plugins/craft-blitz/tests/pest/Feature/GenerateCacheTest.php::Element cache record is saved with eager-loaded custom fields" class="Plugins\craftblitz\tests\pest\Feature\GenerateCacheTest" classname="Plugins.craftblitz.tests.pest.Feature.GenerateCacheTest" assertions="2" time="0.071112"/>
      <testcase name="Element cache record is saved with nested eager-loaded custom fields" file="plugins/craft-blitz/tests/pest/Feature/GenerateCacheTest.php::Element cache record is saved with nested eager-loaded custom fields" class="Plugins\craftblitz\tests\pest\Feature\GenerateCacheTest" classname="Plugins.craftblitz.tests.pest.Feature.GenerateCacheTest" assertions="4" time="0.175287"/>
      <testcase name="Element cache record is saved with eager-loaded matrix fields" file="plugins/craft-blitz/tests/pest/Feature/GenerateCacheTest.php::Element cache record is saved with eager-loaded matrix fields" class="Plugins\craftblitz\tests\pest\Feature\GenerateCacheTest" classname="Plugins.craftblitz.tests.pest.Feature.GenerateCacheTest" assertions="4" time="0.201830"/>
      <testcase name="Element cache record is saved with eager-loaded custom fields in variable" file="plugins/craft-blitz/tests/pest/Feature/GenerateCacheTest.php::Element cache record is saved with eager-loaded custom fields in variable" class="Plugins\craftblitz\tests\pest\Feature\GenerateCacheTest" classname="Plugins.craftblitz.tests.pest.Feature.GenerateCacheTest" assertions="2" time="0.117757"/>
      <testcase name="Element cache record is saved for preloaded single" file="plugins/craft-blitz/tests/pest/Feature/GenerateCacheTest.php::Element cache record is saved for preloaded single" class="Plugins\craftblitz\tests\pest\Feature\GenerateCacheTest" classname="Plugins.craftblitz.tests.pest.Feature.GenerateCacheTest" assertions="1" time="0.045857"/>
      <testcase name="Element cache record is saved with eager-loaded custom fields for preloaded single" file="plugins/craft-blitz/tests/pest/Feature/GenerateCacheTest.php::Element cache record is saved with eager-loaded custom fields for preloaded single" class="Plugins\craftblitz\tests\pest\Feature\GenerateCacheTest" classname="Plugins.craftblitz.tests.pest.Feature.GenerateCacheTest" assertions="2" time="0.066442"/>
      <testcase name="Element cache records are saved with all statuses for relation field queries" file="plugins/craft-blitz/tests/pest/Feature/GenerateCacheTest.php::Element cache records are saved with all statuses for relation field queries" class="Plugins\craftblitz\tests\pest\Feature\GenerateCacheTest" classname="Plugins.craftblitz.tests.pest.Feature.GenerateCacheTest" assertions="2" time="0.199451"/>
      <testcase name="Element cache records are saved with all statuses for eager-loaded relation field queries" file="plugins/craft-blitz/tests/pest/Feature/GenerateCacheTest.php::Element cache records are saved with all statuses for eager-loaded relation field queries" class="Plugins\craftblitz\tests\pest\Feature\GenerateCacheTest" classname="Plugins.craftblitz.tests.pest.Feature.GenerateCacheTest" assertions="2" time="0.170487"/>
      <testcase name="Element cache records are saved irrespective of the criteria for eager-loaded relation field queries" file="plugins/craft-blitz/tests/pest/Feature/GenerateCacheTest.php::Element cache records are saved irrespective of the criteria for eager-loaded relation field queries" class="Plugins\craftblitz\tests\pest\Feature\GenerateCacheTest" classname="Plugins.craftblitz.tests.pest.Feature.GenerateCacheTest" assertions="2" time="0.210620"/>
      <testcase name="Element query records without specific identifiers are saved" file="plugins/craft-blitz/tests/pest/Feature/GenerateCacheTest.php::Element query records without specific identifiers are saved" class="Plugins\craftblitz\tests\pest\Feature\GenerateCacheTest" classname="Plugins.craftblitz.tests.pest.Feature.GenerateCacheTest" assertions="1" time="0.071648"/>
      <testcase name="Element query records with specific identifiers are not saved" file="plugins/craft-blitz/tests/pest/Feature/GenerateCacheTest.php::Element query records with specific identifiers are not saved" class="Plugins\craftblitz\tests\pest\Feature\GenerateCacheTest" classname="Plugins.craftblitz.tests.pest.Feature.GenerateCacheTest" assertions="1" time="0.055796"/>
      <testcase name="Element query record with select is saved" file="plugins/craft-blitz/tests/pest/Feature/GenerateCacheTest.php::Element query record with select is saved" class="Plugins\craftblitz\tests\pest\Feature\GenerateCacheTest" classname="Plugins.craftblitz.tests.pest.Feature.GenerateCacheTest" assertions="1" time="0.061949"/>
      <testcase name="Element query record with join is saved" file="plugins/craft-blitz/tests/pest/Feature/GenerateCacheTest.php::Element query record with join is saved" class="Plugins\craftblitz\tests\pest\Feature\GenerateCacheTest" classname="Plugins.craftblitz.tests.pest.Feature.GenerateCacheTest" assertions="1" time="0.053653"/>
      <testcase name="Element query record with relation field is not saved" file="plugins/craft-blitz/tests/pest/Feature/GenerateCacheTest.php::Element query record with relation field is not saved" class="Plugins\craftblitz\tests\pest\Feature\GenerateCacheTest" classname="Plugins.craftblitz.tests.pest.Feature.GenerateCacheTest" assertions="1" time="0.155459"/>
      <testcase name="Element query record with related to param is saved" file="plugins/craft-blitz/tests/pest/Feature/GenerateCacheTest.php::Element query record with related to param is saved" class="Plugins\craftblitz\tests\pest\Feature\GenerateCacheTest" classname="Plugins.craftblitz.tests.pest.Feature.GenerateCacheTest" assertions="1" time="0.060085"/>
      <testcase name="Element query record with query param is saved without the param" file="plugins/craft-blitz/tests/pest/Feature/GenerateCacheTest.php::Element query record with query param is saved without the param" class="Plugins\craftblitz\tests\pest\Feature\GenerateCacheTest" classname="Plugins.craftblitz.tests.pest.Feature.GenerateCacheTest" assertions="1" time="0.066376"/>
      <testcase name="Element query record with expression is not saved" file="plugins/craft-blitz/tests/pest/Feature/GenerateCacheTest.php::Element query record with expression is not saved" class="Plugins\craftblitz\tests\pest\Feature\GenerateCacheTest" classname="Plugins.craftblitz.tests.pest.Feature.GenerateCacheTest" assertions="1" time="0.063290"/>
      <testcase name="Element query record for entry in single sections is not saved" file="plugins/craft-blitz/tests/pest/Feature/GenerateCacheTest.php::Element query record for entry in single sections is not saved" class="Plugins\craftblitz\tests\pest\Feature\GenerateCacheTest" classname="Plugins.craftblitz.tests.pest.Feature.GenerateCacheTest" assertions="1" time="0.055351"/>
      <testcase name="Element query record with option field data is converted to value" file="plugins/craft-blitz/tests/pest/Feature/GenerateCacheTest.php::Element query record with option field data is converted to value" class="Plugins\craftblitz\tests\pest\Feature\GenerateCacheTest" classname="Plugins.craftblitz.tests.pest.Feature.GenerateCacheTest" assertions="1" time="0.077111"/>
      <testcase name="Element query record with multi options field data is converted to array of values" file="plugins/craft-blitz/tests/pest/Feature/GenerateCacheTest.php::Element query record with multi options field data is converted to array of values" class="Plugins\craftblitz\tests\pest\Feature\GenerateCacheTest" classname="Plugins.craftblitz.tests.pest.Feature.GenerateCacheTest" assertions="1" time="0.065613"/>
      <testcase name="Element query record keeps limit and offset params" file="plugins/craft-blitz/tests/pest/Feature/GenerateCacheTest.php::Element query record keeps limit and offset params" class="Plugins\craftblitz\tests\pest\Feature\GenerateCacheTest" classname="Plugins.craftblitz.tests.pest.Feature.GenerateCacheTest" assertions="2" time="0.057361"/>
      <testcase name="Element query record keeps order by if a limit param is present" file="plugins/craft-blitz/tests/pest/Feature/GenerateCacheTest.php::Element query record keeps order by if a limit param is present" class="Plugins\craftblitz\tests\pest\Feature\GenerateCacheTest" classname="Plugins.craftblitz.tests.pest.Feature.GenerateCacheTest" assertions="1" time="0.065695"/>
      <testcase name="Element query record keeps order by if an offset param is present" file="plugins/craft-blitz/tests/pest/Feature/GenerateCacheTest.php::Element query record keeps order by if an offset param is present" class="Plugins\craftblitz\tests\pest\Feature\GenerateCacheTest" classname="Plugins.craftblitz.tests.pest.Feature.GenerateCacheTest" assertions="1" time="0.077799"/>
      <testcase name="Element query record does not keep order by if no limit or offset param is present" file="plugins/craft-blitz/tests/pest/Feature/GenerateCacheTest.php::Element query record does not keep order by if no limit or offset param is present" class="Plugins\craftblitz\tests\pest\Feature\GenerateCacheTest" classname="Plugins.craftblitz.tests.pest.Feature.GenerateCacheTest" assertions="1" time="0.058391"/>
      <testcase name="Element query record respects excluded tracked element query params" file="plugins/craft-blitz/tests/pest/Feature/GenerateCacheTest.php::Element query record respects excluded tracked element query params" class="Plugins\craftblitz\tests\pest\Feature\GenerateCacheTest" classname="Plugins.craftblitz.tests.pest.Feature.GenerateCacheTest" assertions="1" time="0.067507"/>
      <testcase name="Element query cache records are saved" file="plugins/craft-blitz/tests/pest/Feature/GenerateCacheTest.php::Element query cache records are saved" class="Plugins\craftblitz\tests\pest\Feature\GenerateCacheTest" classname="Plugins.craftblitz.tests.pest.Feature.GenerateCacheTest" assertions="1" time="0.071631"/>
      <testsuite name="Plugins\craftblitz\tests\pest\Feature\GenerateCacheTest::__pest_evaluable_Element_query_cache_records_with_matching_params_and_a_higher_limit_and_offset_sum_are_the_only_ones_saved" tests="4" assertions="8" errors="0" failures="0" skipped="0" time="0.282461">
        <testcase name="Element query cache records with matching params and a higher limit and offset sum are the only ones saved with data set &quot;([1], [10])&quot;" file="plugins/craft-blitz/tests/pest/Feature/GenerateCacheTest.php::Element query cache records with matching params and a higher limit and offset sum are the only ones saved with data set &quot;([1], [10])&quot;" class="Plugins\craftblitz\tests\pest\Feature\GenerateCacheTest" classname="Plugins.craftblitz.tests.pest.Feature.GenerateCacheTest" assertions="2" time="0.064932"/>
        <testcase name="Element query cache records with matching params and a higher limit and offset sum are the only ones saved with data set &quot;([1, 1], [10, 10])&quot;" file="plugins/craft-blitz/tests/pest/Feature/GenerateCacheTest.php::Element query cache records with matching params and a higher limit and offset sum are the only ones saved with data set &quot;([1, 1], [10, 10])&quot;" class="Plugins\craftblitz\tests\pest\Feature\GenerateCacheTest" classname="Plugins.craftblitz.tests.pest.Feature.GenerateCacheTest" assertions="2" time="0.069521"/>
        <testcase name="Element query cache records with matching params and a higher limit and offset sum are the only ones saved with data set &quot;([1, 10], [10, 1])&quot;" file="plugins/craft-blitz/tests/pest/Feature/GenerateCacheTest.php::Element query cache records with matching params and a higher limit and offset sum are the only ones saved with data set &quot;([1, 10], [10, 1])&quot;" class="Plugins\craftblitz\tests\pest\Feature\GenerateCacheTest" classname="Plugins.craftblitz.tests.pest.Feature.GenerateCacheTest" assertions="2" time="0.084284"/>
        <testcase name="Element query cache records with matching params and a higher limit and offset sum are the only ones saved with data set &quot;([10, 1], [1, 20])&quot;" file="plugins/craft-blitz/tests/pest/Feature/GenerateCacheTest.php::Element query cache records with matching params and a higher limit and offset sum are the only ones saved with data set &quot;([10, 1], [1, 20])&quot;" class="Plugins\craftblitz\tests\pest\Feature\GenerateCacheTest" classname="Plugins.craftblitz.tests.pest.Feature.GenerateCacheTest" assertions="2" time="0.063724"/>
      </testsuite>
      <testcase name="Element query source records with specific source identifiers are saved" file="plugins/craft-blitz/tests/pest/Feature/GenerateCacheTest.php::Element query source records with specific source identifiers are saved" class="Plugins\craftblitz\tests\pest\Feature\GenerateCacheTest" classname="Plugins.craftblitz.tests.pest.Feature.GenerateCacheTest" assertions="2" time="0.075450"/>
      <testcase name="Element query source records without specific source identifiers are not saved" file="plugins/craft-blitz/tests/pest/Feature/GenerateCacheTest.php::Element query source records without specific source identifiers are not saved" class="Plugins\craftblitz\tests\pest\Feature\GenerateCacheTest" classname="Plugins.craftblitz.tests.pest.Feature.GenerateCacheTest" assertions="1" time="0.073956"/>
      <testcase name="Entry query source records are saved when only a structure ID is set" file="plugins/craft-blitz/tests/pest/Feature/GenerateCacheTest.php::Entry query source records are saved when only a structure ID is set" class="Plugins\craftblitz\tests\pest\Feature\GenerateCacheTest" classname="Plugins.craftblitz.tests.pest.Feature.GenerateCacheTest" assertions="2" time="0.065700"/>
      <testcase name="Element query attribute records are saved" file="plugins/craft-blitz/tests/pest/Feature/GenerateCacheTest.php::Element query attribute records are saved" class="Plugins\craftblitz\tests\pest\Feature\GenerateCacheTest" classname="Plugins.craftblitz.tests.pest.Feature.GenerateCacheTest" assertions="1" time="0.069815"/>
      <testcase name="Element query attribute records are saved with order by" file="plugins/craft-blitz/tests/pest/Feature/GenerateCacheTest.php::Element query attribute records are saved with order by" class="Plugins\craftblitz\tests\pest\Feature\GenerateCacheTest" classname="Plugins.craftblitz.tests.pest.Feature.GenerateCacheTest" assertions="1" time="0.069938"/>
      <testcase name="Element query attribute records are saved with order by parts array" file="plugins/craft-blitz/tests/pest/Feature/GenerateCacheTest.php::Element query attribute records are saved with order by parts array" class="Plugins\craftblitz\tests\pest\Feature\GenerateCacheTest" classname="Plugins.craftblitz.tests.pest.Feature.GenerateCacheTest" assertions="1" time="0.058990"/>
      <testcase name="Element query attribute records are saved with before" file="plugins/craft-blitz/tests/pest/Feature/GenerateCacheTest.php::Element query attribute records are saved with before" class="Plugins\craftblitz\tests\pest\Feature\GenerateCacheTest" classname="Plugins.craftblitz.tests.pest.Feature.GenerateCacheTest" assertions="1" time="0.070419"/>
      <testcase name="Element query field records are saved with order by" file="plugins/craft-blitz/tests/pest/Feature/GenerateCacheTest.php::Element query field records are saved with order by" class="Plugins\craftblitz\tests\pest\Feature\GenerateCacheTest" classname="Plugins.craftblitz.tests.pest.Feature.GenerateCacheTest" assertions="3" time="0.067513"/>
      <testcase name="Element query field records are saved with order by array" file="plugins/craft-blitz/tests/pest/Feature/GenerateCacheTest.php::Element query field records are saved with order by array" class="Plugins\craftblitz\tests\pest\Feature\GenerateCacheTest" classname="Plugins.craftblitz.tests.pest.Feature.GenerateCacheTest" assertions="3" time="0.068431"/>
      <testcase name="Element query field records with renamed handles are saved with order by" file="plugins/craft-blitz/tests/pest/Feature/GenerateCacheTest.php::Element query field records with renamed handles are saved with order by" class="Plugins\craftblitz\tests\pest\Feature\GenerateCacheTest" classname="Plugins.craftblitz.tests.pest.Feature.GenerateCacheTest" assertions="3" time="0.085077"/>
      <testcase name="Element query field records with section are saved with order by only for fields in layouts" file="plugins/craft-blitz/tests/pest/Feature/GenerateCacheTest.php::Element query field records with section are saved with order by only for fields in layouts" class="Plugins\craftblitz\tests\pest\Feature\GenerateCacheTest" classname="Plugins.craftblitz.tests.pest.Feature.GenerateCacheTest" assertions="2" time="0.060054"/>
      <testcase name="Cache tags are saved" file="plugins/craft-blitz/tests/pest/Feature/GenerateCacheTest.php::Cache tags are saved" class="Plugins\craftblitz\tests\pest\Feature\GenerateCacheTest" classname="Plugins.craftblitz.tests.pest.Feature.GenerateCacheTest" assertions="1" time="0.088207"/>
      <testcase name="Include record is saved" file="plugins/craft-blitz/tests/pest/Feature/GenerateCacheTest.php::Include record is saved" class="Plugins\craftblitz\tests\pest\Feature\GenerateCacheTest" classname="Plugins.craftblitz.tests.pest.Feature.GenerateCacheTest" assertions="1" time="0.066543"/>
      <testcase name="SSI include cache record is saved" file="plugins/craft-blitz/tests/pest/Feature/GenerateCacheTest.php::SSI include cache record is saved" class="Plugins\craftblitz\tests\pest\Feature\GenerateCacheTest" classname="Plugins.craftblitz.tests.pest.Feature.GenerateCacheTest" assertions="1" time="0.075127"/>
    </testsuite>
    <testsuite name="Plugins\craftblitz\tests\pest\Feature\RefreshCacheTest" file="plugins/craft-blitz/tests/pest/Feature/RefreshCacheTest.php" tests="30" assertions="104" errors="0" failures="0" skipped="0" time="4.627791">
      <testcase name="Element is not tracked when it is unchanged" file="plugins/craft-blitz/tests/pest/Feature/RefreshCacheTest.php::Element is not tracked when it is unchanged" class="Plugins\craftblitz\tests\pest\Feature\RefreshCacheTest" classname="Plugins.craftblitz.tests.pest.Feature.RefreshCacheTest" assertions="1" time="0.130051"/>
      <testcase name="Element is tracked when `refreshCacheWhenElementSavedUnchanged` is `true` and it is unchanged" file="plugins/craft-blitz/tests/pest/Feature/RefreshCacheTest.php::Element is tracked when `refreshCacheWhenElementSavedUnchanged` is `true` and it is unchanged" class="Plugins\craftblitz\tests\pest\Feature\RefreshCacheTest" classname="Plugins.craftblitz.tests.pest.Feature.RefreshCacheTest" assertions="6" time="0.123002"/>
      <testcase name="Element is not tracked when disabled and its attribute is changed" file="plugins/craft-blitz/tests/pest/Feature/RefreshCacheTest.php::Element is not tracked when disabled and its attribute is changed" class="Plugins\craftblitz\tests\pest\Feature\RefreshCacheTest" classname="Plugins.craftblitz.tests.pest.Feature.RefreshCacheTest" assertions="1" time="0.130989"/>
      <testcase name="Element is tracked when disabled and `refreshCacheWhenElementSavedNotLive` is `true` and its attribute is changed" file="plugins/craft-blitz/tests/pest/Feature/RefreshCacheTest.php::Element is tracked when disabled and `refreshCacheWhenElementSavedNotLive` is `true` and its attribute is changed" class="Plugins\craftblitz\tests\pest\Feature\RefreshCacheTest" classname="Plugins.craftblitz.tests.pest.Feature.RefreshCacheTest" assertions="6" time="0.125975"/>
      <testcase name="Element is tracked when its status is changed" file="plugins/craft-blitz/tests/pest/Feature/RefreshCacheTest.php::Element is tracked when its status is changed" class="Plugins\craftblitz\tests\pest\Feature\RefreshCacheTest" classname="Plugins.craftblitz.tests.pest.Feature.RefreshCacheTest" assertions="6" time="0.138145"/>
      <testcase name="Element is tracked when its status for another site is changed" file="plugins/craft-blitz/tests/pest/Feature/RefreshCacheTest.php::Element is tracked when its status for another site is changed" class="Plugins\craftblitz\tests\pest\Feature\RefreshCacheTest" classname="Plugins.craftblitz.tests.pest.Feature.RefreshCacheTest" assertions="6" time="0.121363"/>
      <testcase name="Element is tracked when it expires" file="plugins/craft-blitz/tests/pest/Feature/RefreshCacheTest.php::Element is tracked when it expires" class="Plugins\craftblitz\tests\pest\Feature\RefreshCacheTest" classname="Plugins.craftblitz.tests.pest.Feature.RefreshCacheTest" assertions="6" time="0.126943"/>
      <testcase name="Element is tracked when it is deleted" file="plugins/craft-blitz/tests/pest/Feature/RefreshCacheTest.php::Element is tracked when it is deleted" class="Plugins\craftblitz\tests\pest\Feature\RefreshCacheTest" classname="Plugins.craftblitz.tests.pest.Feature.RefreshCacheTest" assertions="6" time="0.157328"/>
      <testcase name="Element is tracked when its attribute is changed" file="plugins/craft-blitz/tests/pest/Feature/RefreshCacheTest.php::Element is tracked when its attribute is changed" class="Plugins\craftblitz\tests\pest\Feature\RefreshCacheTest" classname="Plugins.craftblitz.tests.pest.Feature.RefreshCacheTest" assertions="6" time="0.130375"/>
      <testcase name="Element is tracked when its field is changed" file="plugins/craft-blitz/tests/pest/Feature/RefreshCacheTest.php::Element is tracked when its field is changed" class="Plugins\craftblitz\tests\pest\Feature\RefreshCacheTest" classname="Plugins.craftblitz.tests.pest.Feature.RefreshCacheTest" assertions="6" time="0.139253"/>
      <testcase name="Element is tracked when its attribute and field are changed" file="plugins/craft-blitz/tests/pest/Feature/RefreshCacheTest.php::Element is tracked when its attribute and field are changed" class="Plugins\craftblitz\tests\pest\Feature\RefreshCacheTest" classname="Plugins.craftblitz.tests.pest.Feature.RefreshCacheTest" assertions="6" time="0.138379"/>
      <testcase name="Element is tracked when its status and attribute and field are changed" file="plugins/craft-blitz/tests/pest/Feature/RefreshCacheTest.php::Element is tracked when its status and attribute and field are changed" class="Plugins\craftblitz\tests\pest\Feature\RefreshCacheTest" classname="Plugins.craftblitz.tests.pest.Feature.RefreshCacheTest" assertions="6" time="0.137164"/>
      <testcase name="Asset is tracked when its file is replaced" file="plugins/craft-blitz/tests/pest/Feature/RefreshCacheTest.php::Asset is tracked when its file is replaced" class="Plugins\craftblitz\tests\pest\Feature\RefreshCacheTest" classname="Plugins.craftblitz.tests.pest.Feature.RefreshCacheTest" assertions="7" time="0.164599"/>
      <testcase name="Asset is tracked when its filename is changed" file="plugins/craft-blitz/tests/pest/Feature/RefreshCacheTest.php::Asset is tracked when its filename is changed" class="Plugins\craftblitz\tests\pest\Feature\RefreshCacheTest" classname="Plugins.craftblitz.tests.pest.Feature.RefreshCacheTest" assertions="7" time="0.128106"/>
      <testcase name="Asset is tracked when it is moved between folders" file="plugins/craft-blitz/tests/pest/Feature/RefreshCacheTest.php::Asset is tracked when it is moved between folders" class="Plugins\craftblitz\tests\pest\Feature\RefreshCacheTest" classname="Plugins.craftblitz.tests.pest.Feature.RefreshCacheTest" assertions="7" time="0.108743"/>
      <testcase name="Asset is tracked when its focal point is changed" file="plugins/craft-blitz/tests/pest/Feature/RefreshCacheTest.php::Asset is tracked when its focal point is changed" class="Plugins\craftblitz\tests\pest\Feature\RefreshCacheTest" classname="Plugins.craftblitz.tests.pest.Feature.RefreshCacheTest" assertions="7" time="0.097002"/>
      <testcase name="Element expiry date record is saved when an entry has a future post date" file="plugins/craft-blitz/tests/pest/Feature/RefreshCacheTest.php::Element expiry date record is saved when an entry has a future post date" class="Plugins\craftblitz\tests\pest\Feature\RefreshCacheTest" classname="Plugins.craftblitz.tests.pest.Feature.RefreshCacheTest" assertions="1" time="0.171782"/>
      <testcase name="Element expiry date record is saved when an entry has a future expiry date" file="plugins/craft-blitz/tests/pest/Feature/RefreshCacheTest.php::Element expiry date record is saved when an entry has a future expiry date" class="Plugins\craftblitz\tests\pest\Feature\RefreshCacheTest" classname="Plugins.craftblitz.tests.pest.Feature.RefreshCacheTest" assertions="1" time="0.175871"/>
      <testcase name="Element cache IDs are returned when an entry is changed" file="plugins/craft-blitz/tests/pest/Feature/RefreshCacheTest.php::Element cache IDs are returned when an entry is changed" class="Plugins\craftblitz\tests\pest\Feature\RefreshCacheTest" classname="Plugins.craftblitz.tests.pest.Feature.RefreshCacheTest" assertions="1" time="0.151006"/>
      <testcase name="Element cache IDs are returned when an entry is changed by attributes" file="plugins/craft-blitz/tests/pest/Feature/RefreshCacheTest.php::Element cache IDs are returned when an entry is changed by attributes" class="Plugins\craftblitz\tests\pest\Feature\RefreshCacheTest" classname="Plugins.craftblitz.tests.pest.Feature.RefreshCacheTest" assertions="1" time="0.173943"/>
      <testcase name="Element cache IDs are not returned when an entry is changed by custom fields" file="plugins/craft-blitz/tests/pest/Feature/RefreshCacheTest.php::Element cache IDs are not returned when an entry is changed by custom fields" class="Plugins\craftblitz\tests\pest\Feature\RefreshCacheTest" classname="Plugins.craftblitz.tests.pest.Feature.RefreshCacheTest" assertions="1" time="0.172904"/>
      <testcase name="Element query cache IDs are returned when a disabled entry is changed" file="plugins/craft-blitz/tests/pest/Feature/RefreshCacheTest.php::Element query cache IDs are returned when a disabled entry is changed" class="Plugins\craftblitz\tests\pest\Feature\RefreshCacheTest" classname="Plugins.craftblitz.tests.pest.Feature.RefreshCacheTest" assertions="1" time="0.203528"/>
      <testcase name="Element query type records are returned when an entry is changed" file="plugins/craft-blitz/tests/pest/Feature/RefreshCacheTest.php::Element query type records are returned when an entry is changed" class="Plugins\craftblitz\tests\pest\Feature\RefreshCacheTest" classname="Plugins.craftblitz.tests.pest.Feature.RefreshCacheTest" assertions="1" time="0.231571"/>
      <testcase name="Element query type records without a cache ID are not returned when an entry is changed" file="plugins/craft-blitz/tests/pest/Feature/RefreshCacheTest.php::Element query type records without a cache ID are not returned when an entry is changed" class="Plugins\craftblitz\tests\pest\Feature\RefreshCacheTest" classname="Plugins.craftblitz.tests.pest.Feature.RefreshCacheTest" assertions="1" time="0.169542"/>
      <testcase name="Element query type records are returned when an entry is changed by attributes used in the query" file="plugins/craft-blitz/tests/pest/Feature/RefreshCacheTest.php::Element query type records are returned when an entry is changed by attributes used in the query" class="Plugins\craftblitz\tests\pest\Feature\RefreshCacheTest" classname="Plugins.craftblitz.tests.pest.Feature.RefreshCacheTest" assertions="1" time="0.187238"/>
      <testcase name="Element query type records are not returned when an entry is changed by attributes not used in the query" file="plugins/craft-blitz/tests/pest/Feature/RefreshCacheTest.php::Element query type records are not returned when an entry is changed by attributes not used in the query" class="Plugins\craftblitz\tests\pest\Feature\RefreshCacheTest" classname="Plugins.craftblitz.tests.pest.Feature.RefreshCacheTest" assertions="1" time="0.198292"/>
      <testcase name="Element query type records are returned when an entry is changed by custom fields used in the query" file="plugins/craft-blitz/tests/pest/Feature/RefreshCacheTest.php::Element query type records are returned when an entry is changed by custom fields used in the query" class="Plugins\craftblitz\tests\pest\Feature\RefreshCacheTest" classname="Plugins.craftblitz.tests.pest.Feature.RefreshCacheTest" assertions="1" time="0.178310"/>
      <testcase name="Element query type records are not returned when an entry is changed by custom fields not used in the query" file="plugins/craft-blitz/tests/pest/Feature/RefreshCacheTest.php::Element query type records are not returned when an entry is changed by custom fields not used in the query" class="Plugins\craftblitz\tests\pest\Feature\RefreshCacheTest" classname="Plugins.craftblitz.tests.pest.Feature.RefreshCacheTest" assertions="1" time="0.209413"/>
      <testcase name="Element query type records are returned when an entry is changed with the date updated used in the query" file="plugins/craft-blitz/tests/pest/Feature/RefreshCacheTest.php::Element query type records are returned when an entry is changed with the date updated used in the query" class="Plugins\craftblitz\tests\pest\Feature\RefreshCacheTest" classname="Plugins.craftblitz.tests.pest.Feature.RefreshCacheTest" assertions="1" time="0.187969"/>
      <testcase name="Element query type records are deleted when executing them results in an exception" file="plugins/craft-blitz/tests/pest/Feature/RefreshCacheTest.php::Element query type records are deleted when executing them results in an exception" class="Plugins\craftblitz\tests\pest\Feature\RefreshCacheTest" classname="Plugins.craftblitz.tests.pest.Feature.RefreshCacheTest" assertions="1" time="0.119005"/>
    </testsuite>
    <testsuite name="Plugins\craftblitz\tests\pest\Feature\RefreshModeTest" file="plugins/craft-blitz/tests/pest/Feature/RefreshModeTest.php" tests="24" assertions="24" errors="0" failures="0" skipped="0" time="2.040545">
      <testsuite name="Plugins\craftblitz\tests\pest\Feature\RefreshModeTest::__pest_evaluable_The_cache_should_be_cleared_on_refresh”" tests="2" assertions="2" errors="0" failures="0" skipped="0" time="0.174429">
        <testcase name="The cache should be cleared on refresh” with data set &quot;dataset &quot;clear only&quot;&quot;" file="plugins/craft-blitz/tests/pest/Feature/RefreshModeTest.php::The cache should be cleared on refresh” with data set &quot;dataset &quot;clear only&quot;&quot;" class="Plugins\craftblitz\tests\pest\Feature\RefreshModeTest" classname="Plugins.craftblitz.tests.pest.Feature.RefreshModeTest" assertions="1" time="0.089102"/>
        <testcase name="The cache should be cleared on refresh” with data set &quot;dataset &quot;clear and generate&quot;&quot;" file="plugins/craft-blitz/tests/pest/Feature/RefreshModeTest.php::The cache should be cleared on refresh” with data set &quot;dataset &quot;clear and generate&quot;&quot;" class="Plugins\craftblitz\tests\pest\Feature\RefreshModeTest" classname="Plugins.craftblitz.tests.pest.Feature.RefreshModeTest" assertions="1" time="0.085327"/>
      </testsuite>
      <testsuite name="Plugins\craftblitz\tests\pest\Feature\RefreshModeTest::__pest_evaluable_The_cache_should_not_be_cleared_on_refresh" tests="2" assertions="2" errors="0" failures="0" skipped="0" time="0.165814">
        <testcase name="The cache should not be cleared on refresh with data set &quot;dataset &quot;expire only&quot;&quot;" file="plugins/craft-blitz/tests/pest/Feature/RefreshModeTest.php::The cache should not be cleared on refresh with data set &quot;dataset &quot;expire only&quot;&quot;" class="Plugins\craftblitz\tests\pest\Feature\RefreshModeTest" classname="Plugins.craftblitz.tests.pest.Feature.RefreshModeTest" assertions="1" time="0.081694"/>
        <testcase name="The cache should not be cleared on refresh with data set &quot;dataset &quot;expire and generate&quot;&quot;" file="plugins/craft-blitz/tests/pest/Feature/RefreshModeTest.php::The cache should not be cleared on refresh with data set &quot;dataset &quot;expire and generate&quot;&quot;" class="Plugins\craftblitz\tests\pest\Feature\RefreshModeTest" classname="Plugins.craftblitz.tests.pest.Feature.RefreshModeTest" assertions="1" time="0.084119"/>
      </testsuite>
      <testsuite name="Plugins\craftblitz\tests\pest\Feature\RefreshModeTest::__pest_evaluable_The_cache_should_be_cleared_on_refresh_when_forcing_a_clear" tests="2" assertions="2" errors="0" failures="0" skipped="0" time="0.171426">
        <testcase name="The cache should be cleared on refresh when forcing a clear with data set &quot;dataset &quot;clear only&quot;&quot;" file="plugins/craft-blitz/tests/pest/Feature/RefreshModeTest.php::The cache should be cleared on refresh when forcing a clear with data set &quot;dataset &quot;clear only&quot;&quot;" class="Plugins\craftblitz\tests\pest\Feature\RefreshModeTest" classname="Plugins.craftblitz.tests.pest.Feature.RefreshModeTest" assertions="1" time="0.089878"/>
        <testcase name="The cache should be cleared on refresh when forcing a clear with data set &quot;dataset &quot;clear and generate&quot;&quot;" file="plugins/craft-blitz/tests/pest/Feature/RefreshModeTest.php::The cache should be cleared on refresh when forcing a clear with data set &quot;dataset &quot;clear and generate&quot;&quot;" class="Plugins\craftblitz\tests\pest\Feature\RefreshModeTest" classname="Plugins.craftblitz.tests.pest.Feature.RefreshModeTest" assertions="1" time="0.081548"/>
      </testsuite>
      <testsuite name="Plugins\craftblitz\tests\pest\Feature\RefreshModeTest::__pest_evaluable_The_cache_should_be_generated_on_refresh" tests="2" assertions="2" errors="0" failures="0" skipped="0" time="0.171287">
        <testcase name="The cache should be generated on refresh with data set &quot;dataset &quot;clear and generate&quot;&quot;" file="plugins/craft-blitz/tests/pest/Feature/RefreshModeTest.php::The cache should be generated on refresh with data set &quot;dataset &quot;clear and generate&quot;&quot;" class="Plugins\craftblitz\tests\pest\Feature\RefreshModeTest" classname="Plugins.craftblitz.tests.pest.Feature.RefreshModeTest" assertions="1" time="0.088226"/>
        <testcase name="The cache should be generated on refresh with data set &quot;dataset &quot;expire and generate&quot;&quot;" file="plugins/craft-blitz/tests/pest/Feature/RefreshModeTest.php::The cache should be generated on refresh with data set &quot;dataset &quot;expire and generate&quot;&quot;" class="Plugins\craftblitz\tests\pest\Feature\RefreshModeTest" classname="Plugins.craftblitz.tests.pest.Feature.RefreshModeTest" assertions="1" time="0.083061"/>
      </testsuite>
      <testsuite name="Plugins\craftblitz\tests\pest\Feature\RefreshModeTest::__pest_evaluable_The_cache_should_not_be_generated_on_refresh" tests="2" assertions="2" errors="0" failures="0" skipped="0" time="0.169748">
        <testcase name="The cache should not be generated on refresh with data set &quot;dataset &quot;clear only&quot;&quot;" file="plugins/craft-blitz/tests/pest/Feature/RefreshModeTest.php::The cache should not be generated on refresh with data set &quot;dataset &quot;clear only&quot;&quot;" class="Plugins\craftblitz\tests\pest\Feature\RefreshModeTest" classname="Plugins.craftblitz.tests.pest.Feature.RefreshModeTest" assertions="1" time="0.084753"/>
        <testcase name="The cache should not be generated on refresh with data set &quot;dataset &quot;expire only&quot;&quot;" file="plugins/craft-blitz/tests/pest/Feature/RefreshModeTest.php::The cache should not be generated on refresh with data set &quot;dataset &quot;expire only&quot;&quot;" class="Plugins\craftblitz\tests\pest\Feature\RefreshModeTest" classname="Plugins.craftblitz.tests.pest.Feature.RefreshModeTest" assertions="1" time="0.084994"/>
      </testsuite>
      <testsuite name="Plugins\craftblitz\tests\pest\Feature\RefreshModeTest::__pest_evaluable_The_cache_should_be_generated_on_refresh_when_forcing_a_generate" tests="2" assertions="2" errors="0" failures="0" skipped="0" time="0.175538">
        <testcase name="The cache should be generated on refresh when forcing a generate with data set &quot;dataset &quot;clear only&quot;&quot;" file="plugins/craft-blitz/tests/pest/Feature/RefreshModeTest.php::The cache should be generated on refresh when forcing a generate with data set &quot;dataset &quot;clear only&quot;&quot;" class="Plugins\craftblitz\tests\pest\Feature\RefreshModeTest" classname="Plugins.craftblitz.tests.pest.Feature.RefreshModeTest" assertions="1" time="0.083598"/>
        <testcase name="The cache should be generated on refresh when forcing a generate with data set &quot;dataset &quot;expire only&quot;&quot;" file="plugins/craft-blitz/tests/pest/Feature/RefreshModeTest.php::The cache should be generated on refresh when forcing a generate with data set &quot;dataset &quot;expire only&quot;&quot;" class="Plugins\craftblitz\tests\pest\Feature\RefreshModeTest" classname="Plugins.craftblitz.tests.pest.Feature.RefreshModeTest" assertions="1" time="0.091940"/>
      </testsuite>
      <testsuite name="Plugins\craftblitz\tests\pest\Feature\RefreshModeTest::__pest_evaluable_The_cache_should_be_expired_on_refresh" tests="2" assertions="2" errors="0" failures="0" skipped="0" time="0.172510">
        <testcase name="The cache should be expired on refresh with data set &quot;dataset &quot;expire only&quot;&quot;" file="plugins/craft-blitz/tests/pest/Feature/RefreshModeTest.php::The cache should be expired on refresh with data set &quot;dataset &quot;expire only&quot;&quot;" class="Plugins\craftblitz\tests\pest\Feature\RefreshModeTest" classname="Plugins.craftblitz.tests.pest.Feature.RefreshModeTest" assertions="1" time="0.087799"/>
        <testcase name="The cache should be expired on refresh with data set &quot;dataset &quot;expire and generate&quot;&quot;" file="plugins/craft-blitz/tests/pest/Feature/RefreshModeTest.php::The cache should be expired on refresh with data set &quot;dataset &quot;expire and generate&quot;&quot;" class="Plugins\craftblitz\tests\pest\Feature\RefreshModeTest" classname="Plugins.craftblitz.tests.pest.Feature.RefreshModeTest" assertions="1" time="0.084711"/>
      </testsuite>
      <testsuite name="Plugins\craftblitz\tests\pest\Feature\RefreshModeTest::__pest_evaluable_The_cache_should_not_be_expired_on_refresh" tests="2" assertions="2" errors="0" failures="0" skipped="0" time="0.165942">
        <testcase name="The cache should not be expired on refresh with data set &quot;dataset &quot;clear only&quot;&quot;" file="plugins/craft-blitz/tests/pest/Feature/RefreshModeTest.php::The cache should not be expired on refresh with data set &quot;dataset &quot;clear only&quot;&quot;" class="Plugins\craftblitz\tests\pest\Feature\RefreshModeTest" classname="Plugins.craftblitz.tests.pest.Feature.RefreshModeTest" assertions="1" time="0.086132"/>
        <testcase name="The cache should not be expired on refresh with data set &quot;dataset &quot;clear and generate&quot;&quot;" file="plugins/craft-blitz/tests/pest/Feature/RefreshModeTest.php::The cache should not be expired on refresh with data set &quot;dataset &quot;clear and generate&quot;&quot;" class="Plugins\craftblitz\tests\pest\Feature\RefreshModeTest" classname="Plugins.craftblitz.tests.pest.Feature.RefreshModeTest" assertions="1" time="0.079811"/>
      </testsuite>
      <testsuite name="Plugins\craftblitz\tests\pest\Feature\RefreshModeTest::__pest_evaluable_The_cache_should_not_be_expired_on_refresh_when_forcing_a_generate" tests="2" assertions="2" errors="0" failures="0" skipped="0" time="0.171627">
        <testcase name="The cache should not be expired on refresh when forcing a generate with data set &quot;dataset &quot;expire only&quot;&quot;" file="plugins/craft-blitz/tests/pest/Feature/RefreshModeTest.php::The cache should not be expired on refresh when forcing a generate with data set &quot;dataset &quot;expire only&quot;&quot;" class="Plugins\craftblitz\tests\pest\Feature\RefreshModeTest" classname="Plugins.craftblitz.tests.pest.Feature.RefreshModeTest" assertions="1" time="0.084120"/>
        <testcase name="The cache should not be expired on refresh when forcing a generate with data set &quot;dataset &quot;expire and generate&quot;&quot;" file="plugins/craft-blitz/tests/pest/Feature/RefreshModeTest.php::The cache should not be expired on refresh when forcing a generate with data set &quot;dataset &quot;expire and generate&quot;&quot;" class="Plugins\craftblitz\tests\pest\Feature\RefreshModeTest" classname="Plugins.craftblitz.tests.pest.Feature.RefreshModeTest" assertions="1" time="0.087508"/>
      </testsuite>
      <testsuite name="Plugins\craftblitz\tests\pest\Feature\RefreshModeTest::__pest_evaluable_The_cache_should_be_purged_after_refresh" tests="2" assertions="2" errors="0" failures="0" skipped="0" time="0.168749">
        <testcase name="The cache should be purged after refresh with data set &quot;dataset &quot;expire only&quot;&quot;" file="plugins/craft-blitz/tests/pest/Feature/RefreshModeTest.php::The cache should be purged after refresh with data set &quot;dataset &quot;expire only&quot;&quot;" class="Plugins\craftblitz\tests\pest\Feature\RefreshModeTest" classname="Plugins.craftblitz.tests.pest.Feature.RefreshModeTest" assertions="1" time="0.084755"/>
        <testcase name="The cache should be purged after refresh with data set &quot;dataset &quot;expire and generate&quot;&quot;" file="plugins/craft-blitz/tests/pest/Feature/RefreshModeTest.php::The cache should be purged after refresh with data set &quot;dataset &quot;expire and generate&quot;&quot;" class="Plugins\craftblitz\tests\pest\Feature\RefreshModeTest" classname="Plugins.craftblitz.tests.pest.Feature.RefreshModeTest" assertions="1" time="0.083994"/>
      </testsuite>
      <testsuite name="Plugins\craftblitz\tests\pest\Feature\RefreshModeTest::__pest_evaluable_The_cache_should_not_be_purged_after_refresh" tests="2" assertions="2" errors="0" failures="0" skipped="0" time="0.168743">
        <testcase name="The cache should not be purged after refresh with data set &quot;dataset &quot;clear only&quot;&quot;" file="plugins/craft-blitz/tests/pest/Feature/RefreshModeTest.php::The cache should not be purged after refresh with data set &quot;dataset &quot;clear only&quot;&quot;" class="Plugins\craftblitz\tests\pest\Feature\RefreshModeTest" classname="Plugins.craftblitz.tests.pest.Feature.RefreshModeTest" assertions="1" time="0.080778"/>
        <testcase name="The cache should not be purged after refresh with data set &quot;dataset &quot;clear and generate&quot;&quot;" file="plugins/craft-blitz/tests/pest/Feature/RefreshModeTest.php::The cache should not be purged after refresh with data set &quot;dataset &quot;clear and generate&quot;&quot;" class="Plugins\craftblitz\tests\pest\Feature\RefreshModeTest" classname="Plugins.craftblitz.tests.pest.Feature.RefreshModeTest" assertions="1" time="0.087965"/>
      </testsuite>
      <testsuite name="Plugins\craftblitz\tests\pest\Feature\RefreshModeTest::__pest_evaluable_The_cache_should_not_be_purged_after_refresh_when_forcing_a_clear" tests="2" assertions="2" errors="0" failures="0" skipped="0" time="0.164731">
        <testcase name="The cache should not be purged after refresh when forcing a clear with data set &quot;dataset &quot;expire only&quot;&quot;" file="plugins/craft-blitz/tests/pest/Feature/RefreshModeTest.php::The cache should not be purged after refresh when forcing a clear with data set &quot;dataset &quot;expire only&quot;&quot;" class="Plugins\craftblitz\tests\pest\Feature\RefreshModeTest" classname="Plugins.craftblitz.tests.pest.Feature.RefreshModeTest" assertions="1" time="0.079737"/>
        <testcase name="The cache should not be purged after refresh when forcing a clear with data set &quot;dataset &quot;expire and generate&quot;&quot;" file="plugins/craft-blitz/tests/pest/Feature/RefreshModeTest.php::The cache should not be purged after refresh when forcing a clear with data set &quot;dataset &quot;expire and generate&quot;&quot;" class="Plugins\craftblitz\tests\pest\Feature\RefreshModeTest" classname="Plugins.craftblitz.tests.pest.Feature.RefreshModeTest" assertions="1" time="0.084994"/>
      </testsuite>
    </testsuite>
    <testsuite name="Plugins\craftblitz\tests\pest\Feature\SettingsTest" file="plugins/craft-blitz/tests/pest/Feature/SettingsTest.php" tests="3" assertions="3" errors="0" failures="0" skipped="0" time="0.272917">
      <testcase name="The default cache control header doesn’t allow caching" file="plugins/craft-blitz/tests/pest/Feature/SettingsTest.php::The default cache control header doesn’t allow caching" class="Plugins\craftblitz\tests\pest\Feature\SettingsTest" classname="Plugins.craftblitz.tests.pest.Feature.SettingsTest" assertions="1" time="0.093904"/>
      <testcase name="The cache control header doesn’t allow browser caching" file="plugins/craft-blitz/tests/pest/Feature/SettingsTest.php::The cache control header doesn’t allow browser caching" class="Plugins\craftblitz\tests\pest\Feature\SettingsTest" classname="Plugins.craftblitz.tests.pest.Feature.SettingsTest" assertions="1" time="0.091163"/>
      <testcase name="The expired cache control header doesn’t allow browser caching" file="plugins/craft-blitz/tests/pest/Feature/SettingsTest.php::The expired cache control header doesn’t allow browser caching" class="Plugins\craftblitz\tests\pest\Feature\SettingsTest" classname="Plugins.craftblitz.tests.pest.Feature.SettingsTest" assertions="1" time="0.087850"/>
    </testsuite>
    <testsuite name="Plugins\craftblitz\tests\pest\Feature\SiteUriTest" file="plugins/craft-blitz/tests/pest/Feature/SiteUriTest.php" tests="6" assertions="12" errors="0" failures="0" skipped="0" time="0.563356">
      <testcase name="Site URIs are returned from assets with transforms" file="plugins/craft-blitz/tests/pest/Feature/SiteUriTest.php::Site URIs are returned from assets with transforms" class="Plugins\craftblitz\tests\pest\Feature\SiteUriTest" classname="Plugins.craftblitz.tests.pest.Feature.SiteUriTest" assertions="3" time="0.134820"/>
      <testcase name="HTML mime type is returned when site URI is HTML" file="plugins/craft-blitz/tests/pest/Feature/SiteUriTest.php::HTML mime type is returned when site URI is HTML" class="Plugins\craftblitz\tests\pest\Feature\SiteUriTest" classname="Plugins.craftblitz.tests.pest.Feature.SiteUriTest" assertions="1" time="0.086884"/>
      <testcase name="JSON mime type is returned when site URI is JSON" file="plugins/craft-blitz/tests/pest/Feature/SiteUriTest.php::JSON mime type is returned when site URI is JSON" class="Plugins\craftblitz\tests\pest\Feature\SiteUriTest" classname="Plugins.craftblitz.tests.pest.Feature.SiteUriTest" assertions="1" time="0.086502"/>
      <testcase name="Site URIs with page triggers are paginated" file="plugins/craft-blitz/tests/pest/Feature/SiteUriTest.php::Site URIs with page triggers are paginated" class="Plugins\craftblitz\tests\pest\Feature\SiteUriTest" classname="Plugins.craftblitz.tests.pest.Feature.SiteUriTest" assertions="3" time="0.087919"/>
      <testcase name="Site URIs without page triggers are not paginated" file="plugins/craft-blitz/tests/pest/Feature/SiteUriTest.php::Site URIs without page triggers are not paginated" class="Plugins\craftblitz\tests\pest\Feature\SiteUriTest" classname="Plugins.craftblitz.tests.pest.Feature.SiteUriTest" assertions="3" time="0.080867"/>
      <testcase name="Site URIs containing the homepage URI are converted to an empty string" file="plugins/craft-blitz/tests/pest/Feature/SiteUriTest.php::Site URIs containing the homepage URI are converted to an empty string" class="Plugins\craftblitz\tests\pest\Feature\SiteUriTest" classname="Plugins.craftblitz.tests.pest.Feature.SiteUriTest" assertions="1" time="0.086364"/>
    </testsuite>
    <testsuite name="Plugins\craftblitz\tests\pest\Integration\CommerceTest" file="plugins/craft-blitz/tests/pest/Integration/CommerceTest.php" tests="2" assertions="2" errors="0" failures="0" skipped="0" time="0.442602">
      <testcase name="Variant with inventory is refreshed on order completion" file="plugins/craft-blitz/tests/pest/Integration/CommerceTest.php::Variant with inventory is refreshed on order completion" class="Plugins\craftblitz\tests\pest\Integration\CommerceTest" classname="Plugins.craftblitz.tests.pest.Integration.CommerceTest" assertions="1" time="0.222944"/>
      <testcase name="Variant without inventory is not refreshed on order completion" file="plugins/craft-blitz/tests/pest/Integration/CommerceTest.php::Variant without inventory is not refreshed on order completion" class="Plugins\craftblitz\tests\pest\Integration\CommerceTest" classname="Plugins.craftblitz.tests.pest.Integration.CommerceTest" assertions="1" time="0.219657"/>
    </testsuite>
    <testsuite name="Plugins\craftblitz\tests\pest\Integration\SeomaticTest" file="plugins/craft-blitz/tests/pest/Integration/SeomaticTest.php" tests="3" assertions="0" errors="0" failures="0" skipped="3" time="0.274691">
      <testcase name="Invalidate container caches event without a URL or source triggers a refresh all" file="plugins/craft-blitz/tests/pest/Integration/SeomaticTest.php::Invalidate container caches event without a URL or source triggers a refresh all" class="Plugins\craftblitz\tests\pest\Integration\SeomaticTest" classname="Plugins.craftblitz.tests.pest.Integration.SeomaticTest" assertions="0" time="0.092667">
        <skipped/>
      </testcase>
      <testcase name="Invalidate container caches event with a specific source triggers a refresh" file="plugins/craft-blitz/tests/pest/Integration/SeomaticTest.php::Invalidate container caches event with a specific source triggers a refresh" class="Plugins\craftblitz\tests\pest\Integration\SeomaticTest" classname="Plugins.craftblitz.tests.pest.Integration.SeomaticTest" assertions="0" time="0.090011">
        <skipped/>
      </testcase>
      <testcase name="Invalidate container caches event for a specific element does not trigger a refresh" file="plugins/craft-blitz/tests/pest/Integration/SeomaticTest.php::Invalidate container caches event for a specific element does not trigger a refresh" class="Plugins\craftblitz\tests\pest\Integration\SeomaticTest" classname="Plugins.craftblitz.tests.pest.Integration.SeomaticTest" assertions="0" time="0.092013">
        <skipped/>
      </testcase>
    </testsuite>
  </testsuite>
</testsuites>
